c:\users\itspebbleboy\desktop\c++\chessempty\build\gameboard.dir\debug\vc143.pdb
c:\users\itspebbleboy\desktop\c++\chessempty\build\gameboard.dir\debug\imgui_impl_win32.obj
c:\users\itspebbleboy\desktop\c++\chessempty\build\gameboard.dir\debug\main_win32.obj
c:\users\itspebbleboy\desktop\c++\chessempty\build\gameboard.dir\debug\utility.obj
c:\users\itspebbleboy\desktop\c++\chessempty\build\gameboard.dir\debug\bitboard.obj
c:\users\itspebbleboy\desktop\c++\chessempty\build\gameboard.dir\debug\chess.obj
c:\users\itspebbleboy\desktop\c++\chessempty\build\gameboard.dir\debug\tictactoe.obj
c:\users\itspebbleboy\desktop\c++\chessempty\build\gameboard.dir\debug\chesssquare.obj
c:\users\itspebbleboy\desktop\c++\chessempty\build\gameboard.dir\debug\square.obj
c:\users\itspebbleboy\desktop\c++\chessempty\build\gameboard.dir\debug\sprite.obj
c:\users\itspebbleboy\desktop\c++\chessempty\build\gameboard.dir\debug\game.obj
c:\users\itspebbleboy\desktop\c++\chessempty\build\gameboard.dir\debug\bitholder.obj
c:\users\itspebbleboy\desktop\c++\chessempty\build\gameboard.dir\debug\bit.obj
c:\users\itspebbleboy\desktop\c++\chessempty\build\gameboard.dir\debug\imgui_impl_opengl3.obj
c:\users\itspebbleboy\desktop\c++\chessempty\build\gameboard.dir\debug\imgui.obj
c:\users\itspebbleboy\desktop\c++\chessempty\build\gameboard.dir\debug\imgui_widgets.obj
c:\users\itspebbleboy\desktop\c++\chessempty\build\gameboard.dir\debug\imgui_tables.obj
c:\users\itspebbleboy\desktop\c++\chessempty\build\gameboard.dir\debug\imgui_draw.obj
c:\users\itspebbleboy\desktop\c++\chessempty\build\gameboard.dir\debug\imgui_demo.obj
c:\users\itspebbleboy\desktop\c++\chessempty\build\gameboard.dir\debug\application.obj
c:\users\itspebbleboy\desktop\c++\chessempty\build\cmakefiles\generate.stamp
c:\users\itspebbleboy\desktop\c++\chessempty\build\debug\gameboard.exe
c:\users\itspebbleboy\desktop\c++\chessempty\build\gameboard.dir\debug\gameboard.ilk
c:\users\itspebbleboy\desktop\c++\chessempty\build\debug\gameboard.pdb
c:\users\itspebbleboy\desktop\c++\chessempty\build\gameboard.dir\debug\gameboard.tlog\cl.command.1.tlog
c:\users\itspebbleboy\desktop\c++\chessempty\build\gameboard.dir\debug\gameboard.tlog\cl.items.tlog
c:\users\itspebbleboy\desktop\c++\chessempty\build\gameboard.dir\debug\gameboard.tlog\cl.read.1.tlog
c:\users\itspebbleboy\desktop\c++\chessempty\build\gameboard.dir\debug\gameboard.tlog\cl.write.1.tlog
c:\users\itspebbleboy\desktop\c++\chessempty\build\gameboard.dir\debug\gameboard.tlog\custombuild.command.1.tlog
c:\users\itspebbleboy\desktop\c++\chessempty\build\gameboard.dir\debug\gameboard.tlog\custombuild.read.1.tlog
c:\users\itspebbleboy\desktop\c++\chessempty\build\gameboard.dir\debug\gameboard.tlog\custombuild.write.1.tlog
c:\users\itspebbleboy\desktop\c++\chessempty\build\gameboard.dir\debug\gameboard.tlog\link.command.1.tlog
c:\users\itspebbleboy\desktop\c++\chessempty\build\gameboard.dir\debug\gameboard.tlog\link.read.1.tlog
c:\users\itspebbleboy\desktop\c++\chessempty\build\gameboard.dir\debug\gameboard.tlog\link.write.1.tlog
